Vivado Simulator 2018.3
Copyright 1986-1999, 2001-2018 Xilinx, Inc. All Rights Reserved.
Running: C:/Xilinx/Vivado/2018.3/bin/unwrapped/win64.o/xelab.exe -wto 872f19b8824842cc81777b17f4465541 --incr --debug typical --relax --mt 2 -L xbip_utils_v3_0_9 -L xbip_pipe_v3_0_5 -L xbip_bram18k_v3_0_5 -L mult_gen_v12_0_14 -L xil_defaultlib -L c_reg_fd_v12_0_5 -L xbip_dsp48_wrapper_v3_0_4 -L xbip_dsp48_addsub_v3_0_5 -L xbip_addsub_v3_0_5 -L c_addsub_v12_0_12 -L axi_utils_v2_0_5 -L cordic_v6_0_14 -L floating_point_v7_0_15 -L xbip_dsp48_mult_v3_0_5 -L xbip_dsp48_multadd_v3_0_5 -L div_gen_v5_1_14 -L unisims_ver -L unimacro_ver -L secureip -L xpm --snapshot Azimuth_behav xil_defaultlib.Azimuth xil_defaultlib.glbl -log elaborate.log 
Using 2 slave threads.
Starting static elaboration
Completed static elaboration
Starting simulation data flow analysis
Completed simulation data flow analysis
Time Resolution for simulation is 1ps
Compiling package std.standard
Compiling package std.textio
Compiling package ieee.std_logic_1164
Compiling package ieee.numeric_std
Compiling package cordic_v6_0_14.cordic_v6_0_14_viv_comp
Compiling package xbip_utils_v3_0_9.xbip_utils_v3_0_9_pkg
Compiling package xbip_pipe_v3_0_5.xbip_pipe_v3_0_5_viv_comp
Compiling package axi_utils_v2_0_5.axi_utils_v2_0_5_pkg
Compiling package ieee.math_real
Compiling package axi_utils_v2_0_5.global_util_pkg
Compiling package axi_utils_v2_0_5.axi_utils_comps
Compiling package mult_gen_v12_0_14.mult_gen_v12_0_14_pkg
Compiling package ieee.std_logic_arith
Compiling package ieee.std_logic_signed
Compiling package cordic_v6_0_14.cordic_pack
Compiling package cordic_v6_0_14.cordic_hdl_comps
Compiling package c_addsub_v12_0_12.c_addsub_v12_0_12_viv_comp
Compiling package xbip_addsub_v3_0_5.xbip_addsub_v3_0_5_viv_comp
Compiling package c_addsub_v12_0_12.c_addsub_v12_0_12_pkg
Compiling package c_addsub_v12_0_12.c_addsub_v12_0_12_pkg_legacy
Compiling package c_reg_fd_v12_0_5.c_reg_fd_v12_0_5_viv_comp
Compiling package unisim.vcomponents
Compiling package div_gen_v5_1_14.div_gen_v5_1_14_viv_comp
Compiling package ieee.std_logic_unsigned
Compiling package xbip_bram18k_v3_0_5.xbip_bram18k_v3_0_5_pkg
Compiling package div_gen_v5_1_14.div_gen_pkg
Compiling package div_gen_v5_1_14.pkg_addsub
Compiling package mult_gen_v12_0_14.mult_gen_v12_0_14_viv_comp
Compiling package mult_gen_v12_0_14.dsp_pkg
Compiling package ieee.vital_timing
Compiling package ieee.vital_primitives
Compiling package unisim.vpkg
Compiling module xil_defaultlib.glbl
Compiling architecture synth of entity xbip_pipe_v3_0_5.xbip_pipe_v3_0_5_viv [\xbip_pipe_v3_0_5_viv(c_latency=...]
Compiling architecture structural of entity c_reg_fd_v12_0_5.c_reg_fd_v12_0_5_viv [\c_reg_fd_v12_0_5_viv(c_width=14...]
Compiling architecture muxcy_v of entity unisim.MUXCY [muxcy_default]
Compiling architecture xorcy_v of entity unisim.XORCY [xorcy_default]
Compiling architecture rtl of entity c_addsub_v12_0_12.c_addsub_v12_0_12_lut6_legacy [\c_addsub_v12_0_12_lut6_legacy(c...]
Compiling architecture synth of entity c_addsub_v12_0_12.c_addsub_v12_0_12_fabric_legacy [\c_addsub_v12_0_12_fabric_legacy...]
Compiling architecture synth of entity c_addsub_v12_0_12.c_addsub_v12_0_12_legacy [\c_addsub_v12_0_12_legacy(c_fami...]
Compiling architecture synth of entity c_addsub_v12_0_12.c_addsub_v12_0_12_viv [\c_addsub_v12_0_12_viv(c_xdevice...]
Compiling architecture synth of entity cordic_v6_0_14.addsub [\addsub(family="artix7",add_mode...]
Compiling architecture struct_all of entity cordic_v6_0_14.delay [\delay(delay_len=1,family="artix...]
Compiling architecture struct_all of entity cordic_v6_0_14.delay [\delay(delay_len=1,family="artix...]
Compiling architecture struct_all of entity cordic_v6_0_14.delay_bit [\delay_bit(delay_len=2,family="a...]
Compiling architecture synth of entity cordic_v6_0_14.cordic_inp_config [\cordic_inp_config(p_xdevicefami...]
Compiling architecture synth of entity cordic_v6_0_14.cordic_dat_acc_slice_par [\cordic_dat_acc_slice_par(p_xdev...]
Compiling architecture synth of entity cordic_v6_0_14.cordic_pha_acc_slice_par [\cordic_pha_acc_slice_par(p_xdev...]
Compiling architecture struct_all of entity cordic_v6_0_14.delay [\delay(delay_len=1,family="artix...]
Compiling architecture struct_all of entity cordic_v6_0_14.delay_bit [\delay_bit(delay_len=1,family="a...]
Compiling architecture synth of entity cordic_v6_0_14.cordic_ctrl_slice_par [\cordic_ctrl_slice_par(p_xdevice...]
Compiling architecture synth of entity cordic_v6_0_14.cordic_eng_slice_par [\cordic_eng_slice_par(p_xdevicef...]
Compiling architecture synth of entity cordic_v6_0_14.cordic_dat_acc_slice_par [\cordic_dat_acc_slice_par(p_xdev...]
Compiling architecture synth of entity cordic_v6_0_14.cordic_eng_slice_par [\cordic_eng_slice_par(p_xdevicef...]
Compiling architecture synth of entity cordic_v6_0_14.cordic_dat_acc_slice_par [\cordic_dat_acc_slice_par(p_xdev...]
Compiling architecture synth of entity cordic_v6_0_14.cordic_eng_slice_par [\cordic_eng_slice_par(p_xdevicef...]
Compiling architecture synth of entity cordic_v6_0_14.cordic_dat_acc_slice_par [\cordic_dat_acc_slice_par(p_xdev...]
Compiling architecture synth of entity cordic_v6_0_14.cordic_eng_slice_par [\cordic_eng_slice_par(p_xdevicef...]
Compiling architecture synth of entity cordic_v6_0_14.cordic_dat_acc_slice_par [\cordic_dat_acc_slice_par(p_xdev...]
Compiling architecture synth of entity cordic_v6_0_14.cordic_eng_slice_par [\cordic_eng_slice_par(p_xdevicef...]
Compiling architecture synth of entity cordic_v6_0_14.cordic_dat_acc_slice_par [\cordic_dat_acc_slice_par(p_xdev...]
Compiling architecture synth of entity cordic_v6_0_14.cordic_eng_slice_par [\cordic_eng_slice_par(p_xdevicef...]
Compiling architecture synth of entity cordic_v6_0_14.cordic_dat_acc_slice_par [\cordic_dat_acc_slice_par(p_xdev...]
Compiling architecture synth of entity cordic_v6_0_14.cordic_eng_slice_par [\cordic_eng_slice_par(p_xdevicef...]
Compiling architecture synth of entity cordic_v6_0_14.cordic_dat_acc_slice_par [\cordic_dat_acc_slice_par(p_xdev...]
Compiling architecture synth of entity cordic_v6_0_14.cordic_eng_slice_par [\cordic_eng_slice_par(p_xdevicef...]
Compiling architecture synth of entity cordic_v6_0_14.cordic_eng [\cordic_eng(p_xdevicefamily="art...]
Compiling architecture struct_all of entity cordic_v6_0_14.delay [\delay(delay_len=0,family="artix...]
Compiling architecture struct_all of entity cordic_v6_0_14.delay [\delay(delay_len=1,family="artix...]
Compiling architecture synth of entity cordic_v6_0_14.cordic_round [\cordic_round(p_xdevicefamily="a...]
Compiling architecture struct_all of entity cordic_v6_0_14.delay_bit [\delay_bit(delay_len=0,family="a...]
Compiling architecture synth of entity cordic_v6_0_14.cordic_out_config [\cordic_out_config(p_xdevicefami...]
Compiling architecture synth of entity cordic_v6_0_14.cordic_v6_0_14_synth [\cordic_v6_0_14_synth(c_architec...]
Compiling architecture synth of entity cordic_v6_0_14.cordic_v6_0_14_viv [\cordic_v6_0_14_viv(c_architectu...]
Compiling architecture xilinx of entity cordic_v6_0_14.cordic_v6_0_14 [\cordic_v6_0_14(c_architecture=2...]
Compiling architecture cordic_0_arch of entity xil_defaultlib.cordic_0 [cordic_0_default]
Compiling architecture synth of entity div_gen_v5_1_14.c_twos_comp_viv [\c_twos_comp_viv(c_width=10,c_ai...]
Compiling architecture virtex of entity div_gen_v5_1_14.cmp2s_v [\cmp2s_v(c_bus_width=10,c_regist...]
Compiling architecture synth of entity div_gen_v5_1_14.c_twos_comp_viv [\c_twos_comp_viv(c_width=10,c_ai...]
Compiling architecture virtex of entity div_gen_v5_1_14.cmp2s_v [\cmp2s_v(c_bus_width=10,c_ainit_...]
Compiling architecture synth of entity xbip_pipe_v3_0_5.xbip_pipe_v3_0_5_viv [\xbip_pipe_v3_0_5_viv(c_latency=...]
Compiling architecture synth of entity xbip_pipe_v3_0_5.xbip_pipe_v3_0_5_viv [\xbip_pipe_v3_0_5_viv(c_latency=...]
Compiling architecture synth of entity xbip_pipe_v3_0_5.xbip_pipe_v3_0_5_viv [\xbip_pipe_v3_0_5_viv(c_latency=...]
Compiling architecture synth of entity xbip_pipe_v3_0_5.xbip_pipe_v3_0_5_viv [\xbip_pipe_v3_0_5_viv(c_latency=...]
Compiling architecture synth of entity xbip_pipe_v3_0_5.xbip_pipe_v3_0_5_viv [\xbip_pipe_v3_0_5_viv(c_latency=...]
Compiling architecture rtl of entity div_gen_v5_1_14.c_addsub_lut6 [\c_addsub_lut6(c_width=11,c_add_...]
Compiling architecture synth of entity div_gen_v5_1_14.c_addsub_viv [\c_addsub_viv(c_a_width=11,c_b_w...]
Compiling architecture virtex of entity div_gen_v5_1_14.addsubreg_v [\addsubreg_v(c_bus_width=11,c_ai...]
Compiling architecture synth of entity xbip_pipe_v3_0_5.xbip_pipe_v3_0_5_viv [\xbip_pipe_v3_0_5_viv(c_latency=...]
Compiling architecture synth of entity xbip_pipe_v3_0_5.xbip_pipe_v3_0_5_viv [\xbip_pipe_v3_0_5_viv(c_latency=...]
Compiling architecture synth of entity xbip_pipe_v3_0_5.xbip_pipe_v3_0_5_viv [\xbip_pipe_v3_0_5_viv(c_latency=...]
Compiling architecture synth of entity xbip_pipe_v3_0_5.xbip_pipe_v3_0_5_viv [\xbip_pipe_v3_0_5_viv(c_latency=...]
Compiling architecture synth of entity xbip_pipe_v3_0_5.xbip_pipe_v3_0_5_viv [\xbip_pipe_v3_0_5_viv(c_latency=...]
Compiling architecture synth of entity xbip_pipe_v3_0_5.xbip_pipe_v3_0_5_viv [\xbip_pipe_v3_0_5_viv(c_latency=...]
Compiling architecture synth of entity xbip_pipe_v3_0_5.xbip_pipe_v3_0_5_viv [\xbip_pipe_v3_0_5_viv(c_latency=...]
Compiling architecture synth of entity xbip_pipe_v3_0_5.xbip_pipe_v3_0_5_viv [\xbip_pipe_v3_0_5_viv(c_latency=...]
Compiling architecture synth of entity xbip_pipe_v3_0_5.xbip_pipe_v3_0_5_viv [\xbip_pipe_v3_0_5_viv(c_latency=...]
Compiling architecture synth of entity xbip_pipe_v3_0_5.xbip_pipe_v3_0_5_viv [\xbip_pipe_v3_0_5_viv(c_latency=...]
Compiling architecture synth of entity xbip_pipe_v3_0_5.xbip_pipe_v3_0_5_viv [\xbip_pipe_v3_0_5_viv(c_latency=...]
Compiling architecture synth of entity xbip_pipe_v3_0_5.xbip_pipe_v3_0_5_viv [\xbip_pipe_v3_0_5_viv(c_latency=...]
Compiling architecture synth of entity xbip_pipe_v3_0_5.xbip_pipe_v3_0_5_viv [\xbip_pipe_v3_0_5_viv(c_latency=...]
Compiling architecture synth of entity xbip_pipe_v3_0_5.xbip_pipe_v3_0_5_viv [\xbip_pipe_v3_0_5_viv(c_latency=...]
Compiling architecture synth of entity xbip_pipe_v3_0_5.xbip_pipe_v3_0_5_viv [\xbip_pipe_v3_0_5_viv(c_latency=...]
Compiling architecture synth of entity xbip_pipe_v3_0_5.xbip_pipe_v3_0_5_viv [\xbip_pipe_v3_0_5_viv(c_latency=...]
Compiling architecture synth of entity xbip_pipe_v3_0_5.xbip_pipe_v3_0_5_viv [\xbip_pipe_v3_0_5_viv(c_latency=...]
Compiling architecture synth of entity xbip_pipe_v3_0_5.xbip_pipe_v3_0_5_viv [\xbip_pipe_v3_0_5_viv(c_latency=...]
Compiling architecture rtl of entity div_gen_v5_1_14.c_addsub_lut6 [\c_addsub_lut6(c_width=11,c_add_...]
Compiling architecture synth of entity div_gen_v5_1_14.c_addsub_viv [\c_addsub_viv(c_a_width=11,c_b_w...]
Compiling architecture virtex of entity div_gen_v5_1_14.addsubreg_v [\addsubreg_v(c_bus_width=11,c_ha...]
Compiling architecture virtex of entity div_gen_v5_1_14.dividervdc_v [\dividervdc_v(bus_num=10,bus_div...]
Compiling architecture synth of entity div_gen_v5_1_14.c_twos_comp_viv [\c_twos_comp_viv(c_width=11,c_ai...]
Compiling architecture virtex of entity div_gen_v5_1_14.cmp2s_v [\cmp2s_v(c_bus_width=11,c_regist...]
Compiling architecture synth of entity div_gen_v5_1_14.bip_sdivider_synth [\bip_sdivider_synth(c_xdevicefam...]
Compiling architecture synth of entity div_gen_v5_1_14.div_gen_synth [\div_gen_synth(c_xdevicefamily="...]
Compiling architecture synth of entity div_gen_v5_1_14.div_gen_v5_1_14_viv [\div_gen_v5_1_14_viv(c_xdevicefa...]
Compiling architecture xilinx of entity div_gen_v5_1_14.div_gen_v5_1_14 [\div_gen_v5_1_14(c_xdevicefamily...]
Compiling architecture div_gen_0_arch of entity xil_defaultlib.div_gen_0 [div_gen_0_default]
Compiling architecture structural of entity c_reg_fd_v12_0_5.c_reg_fd_v12_0_5_viv [\c_reg_fd_v12_0_5_viv(c_width=15...]
Compiling architecture rtl of entity c_addsub_v12_0_12.c_addsub_v12_0_12_lut6_legacy [\c_addsub_v12_0_12_lut6_legacy(c...]
Compiling architecture synth of entity c_addsub_v12_0_12.c_addsub_v12_0_12_fabric_legacy [\c_addsub_v12_0_12_fabric_legacy...]
Compiling architecture synth of entity c_addsub_v12_0_12.c_addsub_v12_0_12_legacy [\c_addsub_v12_0_12_legacy(c_fami...]
Compiling architecture synth of entity c_addsub_v12_0_12.c_addsub_v12_0_12_viv [\c_addsub_v12_0_12_viv(c_xdevice...]
Compiling architecture synth of entity cordic_v6_0_14.addsub [\addsub(family="artix7",add_mode...]
Compiling architecture rtl of entity c_addsub_v12_0_12.c_addsub_v12_0_12_lut6_legacy [\c_addsub_v12_0_12_lut6_legacy(c...]
Compiling architecture synth of entity c_addsub_v12_0_12.c_addsub_v12_0_12_fabric_legacy [\c_addsub_v12_0_12_fabric_legacy...]
Compiling architecture synth of entity c_addsub_v12_0_12.c_addsub_v12_0_12_legacy [\c_addsub_v12_0_12_legacy(c_fami...]
Compiling architecture synth of entity c_addsub_v12_0_12.c_addsub_v12_0_12_viv [\c_addsub_v12_0_12_viv(c_xdevice...]
Compiling architecture synth of entity cordic_v6_0_14.addsub [\addsub(family="artix7",add_mode...]
Compiling architecture synth of entity cordic_v6_0_14.cordic_inp_config [\cordic_inp_config(p_xdevicefami...]
Compiling architecture synth of entity cordic_v6_0_14.cordic_eng_slice_par [\cordic_eng_slice_par(p_xdevicef...]
Compiling architecture synth of entity cordic_v6_0_14.cordic_eng_slice_par [\cordic_eng_slice_par(p_xdevicef...]
Compiling architecture synth of entity cordic_v6_0_14.cordic_eng_slice_par [\cordic_eng_slice_par(p_xdevicef...]
Compiling architecture synth of entity cordic_v6_0_14.cordic_eng_slice_par [\cordic_eng_slice_par(p_xdevicef...]
Compiling architecture synth of entity cordic_v6_0_14.cordic_eng_slice_par [\cordic_eng_slice_par(p_xdevicef...]
Compiling architecture synth of entity cordic_v6_0_14.cordic_eng_slice_par [\cordic_eng_slice_par(p_xdevicef...]
Compiling architecture synth of entity cordic_v6_0_14.cordic_eng_slice_par [\cordic_eng_slice_par(p_xdevicef...]
Compiling architecture synth of entity cordic_v6_0_14.cordic_eng_slice_par [\cordic_eng_slice_par(p_xdevicef...]
Compiling architecture synth of entity cordic_v6_0_14.cordic_eng [\cordic_eng(p_xdevicefamily="art...]
Compiling architecture synth of entity cordic_v6_0_14.cordic_out_config [\cordic_out_config(p_xdevicefami...]
Compiling architecture synth of entity cordic_v6_0_14.cordic_v6_0_14_synth [\cordic_v6_0_14_synth(c_architec...]
Compiling architecture synth of entity cordic_v6_0_14.cordic_v6_0_14_viv [\cordic_v6_0_14_viv(c_architectu...]
Compiling architecture xilinx of entity cordic_v6_0_14.cordic_v6_0_14 [\cordic_v6_0_14(c_architecture=2...]
Compiling architecture cordic_1_arch of entity xil_defaultlib.cordic_1 [cordic_1_default]
Compiling architecture synth of entity xbip_pipe_v3_0_5.xbip_pipe_v3_0_5_viv [\xbip_pipe_v3_0_5_viv(c_latency=...]
Compiling architecture struct_all of entity cordic_v6_0_14.delay [\delay(delay_len=1,family="artix...]
Compiling architecture rtl of entity c_addsub_v12_0_12.c_addsub_v12_0_12_lut6_legacy [\c_addsub_v12_0_12_lut6_legacy(c...]
Compiling architecture synth of entity c_addsub_v12_0_12.c_addsub_v12_0_12_fabric_legacy [\c_addsub_v12_0_12_fabric_legacy...]
Compiling architecture synth of entity c_addsub_v12_0_12.c_addsub_v12_0_12_legacy [\c_addsub_v12_0_12_legacy(c_fami...]
Compiling architecture synth of entity c_addsub_v12_0_12.c_addsub_v12_0_12_viv [\c_addsub_v12_0_12_viv(c_xdevice...]
Compiling architecture synth of entity cordic_v6_0_14.addsub [\addsub(family="artix7",add_mode...]
Compiling architecture struct_all of entity cordic_v6_0_14.delay [\delay(delay_len=1,family="artix...]
Compiling architecture struct_all of entity cordic_v6_0_14.delay [\delay(delay_len=3,family="artix...]
Compiling architecture synth of entity cordic_v6_0_14.cordic_sqrt_mod [\cordic_sqrt_mod(p_xdevicefamily...]
Compiling architecture struct_all of entity cordic_v6_0_14.delay [\delay(delay_len=1,family="artix...]
Compiling architecture rtl of entity c_addsub_v12_0_12.c_addsub_v12_0_12_lut6_legacy [\c_addsub_v12_0_12_lut6_legacy(c...]
Compiling architecture synth of entity c_addsub_v12_0_12.c_addsub_v12_0_12_fabric_legacy [\c_addsub_v12_0_12_fabric_legacy...]
Compiling architecture synth of entity c_addsub_v12_0_12.c_addsub_v12_0_12_legacy [\c_addsub_v12_0_12_legacy(c_fami...]
Compiling architecture synth of entity c_addsub_v12_0_12.c_addsub_v12_0_12_viv [\c_addsub_v12_0_12_viv(c_xdevice...]
Compiling architecture synth of entity cordic_v6_0_14.addsub [\addsub(family="artix7",add_mode...]
Compiling architecture struct_all of entity cordic_v6_0_14.delay [\delay(delay_len=4,family="artix...]
Compiling architecture synth of entity cordic_v6_0_14.cordic_sqrt_mod [\cordic_sqrt_mod(p_xdevicefamily...]
Compiling architecture rtl of entity c_addsub_v12_0_12.c_addsub_v12_0_12_lut6_legacy [\c_addsub_v12_0_12_lut6_legacy(c...]
Compiling architecture synth of entity c_addsub_v12_0_12.c_addsub_v12_0_12_fabric_legacy [\c_addsub_v12_0_12_fabric_legacy...]
Compiling architecture synth of entity c_addsub_v12_0_12.c_addsub_v12_0_12_legacy [\c_addsub_v12_0_12_legacy(c_fami...]
Compiling architecture synth of entity c_addsub_v12_0_12.c_addsub_v12_0_12_viv [\c_addsub_v12_0_12_viv(c_xdevice...]
Compiling architecture synth of entity cordic_v6_0_14.addsub [\addsub(family="artix7",add_mode...]
Compiling architecture struct_all of entity cordic_v6_0_14.delay [\delay(delay_len=1,family="artix...]
Compiling architecture struct_all of entity cordic_v6_0_14.delay [\delay(delay_len=2,family="artix...]
Compiling architecture synth of entity cordic_v6_0_14.cordic_sqrt_mod [\cordic_sqrt_mod(p_xdevicefamily...]
Compiling architecture struct_all of entity cordic_v6_0_14.delay [\delay(delay_len=1,family="artix...]
Compiling architecture rtl of entity c_addsub_v12_0_12.c_addsub_v12_0_12_lut6_legacy [\c_addsub_v12_0_12_lut6_legacy(c...]
Compiling architecture synth of entity c_addsub_v12_0_12.c_addsub_v12_0_12_fabric_legacy [\c_addsub_v12_0_12_fabric_legacy...]
Compiling architecture synth of entity c_addsub_v12_0_12.c_addsub_v12_0_12_legacy [\c_addsub_v12_0_12_legacy(c_fami...]
Compiling architecture synth of entity c_addsub_v12_0_12.c_addsub_v12_0_12_viv [\c_addsub_v12_0_12_viv(c_xdevice...]
Compiling architecture synth of entity cordic_v6_0_14.addsub [\addsub(family="artix7",add_mode...]
Compiling architecture struct_all of entity cordic_v6_0_14.delay [\delay(delay_len=5,family="artix...]
Compiling architecture synth of entity cordic_v6_0_14.cordic_sqrt_mod [\cordic_sqrt_mod(p_xdevicefamily...]
Compiling architecture rtl of entity c_addsub_v12_0_12.c_addsub_v12_0_12_lut6_legacy [\c_addsub_v12_0_12_lut6_legacy(c...]
Compiling architecture synth of entity c_addsub_v12_0_12.c_addsub_v12_0_12_fabric_legacy [\c_addsub_v12_0_12_fabric_legacy...]
Compiling architecture synth of entity c_addsub_v12_0_12.c_addsub_v12_0_12_legacy [\c_addsub_v12_0_12_legacy(c_fami...]
Compiling architecture synth of entity c_addsub_v12_0_12.c_addsub_v12_0_12_viv [\c_addsub_v12_0_12_viv(c_xdevice...]
Compiling architecture synth of entity cordic_v6_0_14.addsub [\addsub(family="artix7",add_mode...]
Compiling architecture struct_all of entity cordic_v6_0_14.delay [\delay(delay_len=1,family="artix...]
Compiling architecture synth of entity cordic_v6_0_14.cordic_sqrt_mod [\cordic_sqrt_mod(p_xdevicefamily...]
Compiling architecture rtl of entity c_addsub_v12_0_12.c_addsub_v12_0_12_lut6_legacy [\c_addsub_v12_0_12_lut6_legacy(c...]
Compiling architecture synth of entity c_addsub_v12_0_12.c_addsub_v12_0_12_fabric_legacy [\c_addsub_v12_0_12_fabric_legacy...]
Compiling architecture synth of entity c_addsub_v12_0_12.c_addsub_v12_0_12_legacy [\c_addsub_v12_0_12_legacy(c_fami...]
Compiling architecture synth of entity c_addsub_v12_0_12.c_addsub_v12_0_12_viv [\c_addsub_v12_0_12_viv(c_xdevice...]
Compiling architecture synth of entity cordic_v6_0_14.addsub [\addsub(family="artix7",add_mode...]
Compiling architecture struct_all of entity cordic_v6_0_14.delay [\delay(delay_len=6,family="artix...]
Compiling architecture synth of entity cordic_v6_0_14.cordic_sqrt_mod [\cordic_sqrt_mod(p_xdevicefamily...]
Compiling architecture rtl of entity c_addsub_v12_0_12.c_addsub_v12_0_12_lut6_legacy [\c_addsub_v12_0_12_lut6_legacy(c...]
Compiling architecture synth of entity c_addsub_v12_0_12.c_addsub_v12_0_12_fabric_legacy [\c_addsub_v12_0_12_fabric_legacy...]
Compiling architecture synth of entity c_addsub_v12_0_12.c_addsub_v12_0_12_legacy [\c_addsub_v12_0_12_legacy(c_fami...]
Compiling architecture synth of entity c_addsub_v12_0_12.c_addsub_v12_0_12_viv [\c_addsub_v12_0_12_viv(c_xdevice...]
Compiling architecture synth of entity cordic_v6_0_14.addsub [\addsub(family="artix7",add_mode...]
Compiling architecture struct_all of entity cordic_v6_0_14.delay [\delay(delay_len=0,family="artix...]
Compiling architecture synth of entity cordic_v6_0_14.cordic_sqrt_mod [\cordic_sqrt_mod(p_xdevicefamily...]
Compiling architecture rtl of entity c_addsub_v12_0_12.c_addsub_v12_0_12_lut6_legacy [\c_addsub_v12_0_12_lut6_legacy(c...]
Compiling architecture synth of entity c_addsub_v12_0_12.c_addsub_v12_0_12_fabric_legacy [\c_addsub_v12_0_12_fabric_legacy...]
Compiling architecture synth of entity c_addsub_v12_0_12.c_addsub_v12_0_12_legacy [\c_addsub_v12_0_12_legacy(c_fami...]
Compiling architecture synth of entity c_addsub_v12_0_12.c_addsub_v12_0_12_viv [\c_addsub_v12_0_12_viv(c_xdevice...]
Compiling architecture synth of entity cordic_v6_0_14.addsub [\addsub(family="artix7",add_mode...]
Compiling architecture struct_all of entity cordic_v6_0_14.delay [\delay(delay_len=7,family="artix...]
Compiling architecture synth of entity cordic_v6_0_14.cordic_sqrt_mod [\cordic_sqrt_mod(p_xdevicefamily...]
Compiling architecture struct_all of entity cordic_v6_0_14.delay_bit [\delay_bit(delay_len=8,family="a...]
Compiling architecture synth of entity cordic_v6_0_14.cordic_sqrt [\cordic_sqrt(p_xdevicefamily="ar...]
Compiling architecture synth of entity cordic_v6_0_14.cordic_v6_0_14_synth [\cordic_v6_0_14_synth(c_architec...]
Compiling architecture synth of entity cordic_v6_0_14.cordic_v6_0_14_viv [\cordic_v6_0_14_viv(c_architectu...]
Compiling architecture xilinx of entity cordic_v6_0_14.cordic_v6_0_14 [\cordic_v6_0_14(c_architecture=2...]
Compiling architecture cordic_sqrt_arch of entity xil_defaultlib.cordic_sqrt [cordic_sqrt_default]
Compiling architecture xilinx of entity mult_gen_v12_0_14.delay_line [\delay_line(c_xdevicefamily="art...]
Compiling architecture xilinx of entity mult_gen_v12_0_14.op_resize [\op_resize(ai_width=10,bi_width=...]
Compiling architecture xilinx of entity mult_gen_v12_0_14.dsp [\dsp(c_xdevicefamily="artix7",c_...]
Compiling architecture xilinx of entity mult_gen_v12_0_14.mult_gen_v12_0_14_viv [\mult_gen_v12_0_14_viv(c_verbosi...]
Compiling architecture xilinx of entity mult_gen_v12_0_14.mult_gen_v12_0_14 [\mult_gen_v12_0_14(c_xdevicefami...]
Compiling architecture mult_gen_0_arch of entity xil_defaultlib.mult_gen_0 [mult_gen_0_default]
Compiling architecture xilinx of entity mult_gen_v12_0_14.delay_line [\delay_line(c_xdevicefamily="art...]
Compiling architecture xilinx of entity mult_gen_v12_0_14.delay_line [\delay_line(c_xdevicefamily="art...]
Compiling architecture xilinx of entity mult_gen_v12_0_14.delay_line [\delay_line(c_xdevicefamily="art...]
Compiling architecture xilinx of entity mult_gen_v12_0_14.delay_line [\delay_line(c_xdevicefamily="art...]
Compiling architecture dsp48e1_v of entity unisim.DSP48E1 [\DSP48E1(alumodereg=0,carryinreg...]
Compiling architecture srl16e_v of entity unisim.SRL16E [\SRL16E(0,15)\]
Compiling architecture fdre_v of entity unisim.FDRE [fdre_default]
Compiling architecture xilinx of entity mult_gen_v12_0_14.delay_line [\delay_line(c_xdevicefamily="art...]
Compiling architecture dsp48e1_v of entity unisim.DSP48E1 [\DSP48E1(a_input="CASCADE",bcasc...]
Compiling architecture xilinx of entity mult_gen_v12_0_14.op_resize [\op_resize(ai_width=20,bi_width=...]
Compiling architecture xilinx of entity mult_gen_v12_0_14.dsp [\dsp(c_xdevicefamily="artix7",c_...]
Compiling architecture xilinx of entity mult_gen_v12_0_14.mult_gen_v12_0_14_viv [\mult_gen_v12_0_14_viv(c_verbosi...]
Compiling architecture xilinx of entity mult_gen_v12_0_14.mult_gen_v12_0_14 [\mult_gen_v12_0_14(c_xdevicefami...]
Compiling architecture mult_gen_1_arch of entity xil_defaultlib.mult_gen_1 [mult_gen_1_default]
Compiling architecture behavioral of entity xil_defaultlib.azimuth
Built simulation snapshot Azimuth_behav
