
*** Running vivado
    with args -log cordic_1.vds -m64 -product Vivado -mode batch -messageDb vivado.pb -notrace -source cordic_1.tcl


****** Vivado v2018.3 (64-bit)
  **** SW Build 2405991 on Thu Dec  6 23:38:27 MST 2018
  **** IP Build 2404404 on Fri Dec  7 01:43:56 MST 2018
    ** Copyright 1986-2018 Xilinx, Inc. All Rights Reserved.

source cordic_1.tcl -notrace
Command: synth_design -top cordic_1 -part xc7a200tfbg484-2 -mode out_of_context
Starting synth_design
Attempting to get a license for feature 'Synthesis' and/or device 'xc7a200t'
INFO: [Common 17-349] Got license for feature 'Synthesis' and/or device 'xc7a200t'
INFO: Launching helper process for spawning children vivado processes
INFO: Helper process launched with PID 12500 
---------------------------------------------------------------------------------
Starting RTL Elaboration : Time (s): cpu = 00:00:06 ; elapsed = 00:00:07 . Memory (MB): peak = 468.352 ; gain = 99.621
---------------------------------------------------------------------------------
INFO: [Synth 8-638] synthesizing module 'cordic_1' [d:/Projects/probation training/cordic_Azimuth/cordic_Azimuth.srcs/sources_1/ip/cordic_1/synth/cordic_1.vhd:69]
	Parameter C_ARCHITECTURE bound to: 2 - type: integer 
	Parameter C_CORDIC_FUNCTION bound to: 3 - type: integer 
	Parameter C_COARSE_ROTATE bound to: 1 - type: integer 
	Parameter C_DATA_FORMAT bound to: 0 - type: integer 
	Parameter C_XDEVICEFAMILY bound to: artix7 - type: string 
	Parameter C_HAS_ACLKEN bound to: 0 - type: integer 
	Parameter C_HAS_ACLK bound to: 1 - type: integer 
	Parameter C_HAS_S_AXIS_CARTESIAN bound to: 1 - type: integer 
	Parameter C_HAS_S_AXIS_PHASE bound to: 0 - type: integer 
	Parameter C_HAS_ARESETN bound to: 0 - type: integer 
	Parameter C_INPUT_WIDTH bound to: 10 - type: integer 
	Parameter C_ITERATIONS bound to: 0 - type: integer 
	Parameter C_OUTPUT_WIDTH bound to: 10 - type: integer 
	Parameter C_PHASE_FORMAT bound to: 0 - type: integer 
	Parameter C_PIPELINE_MODE bound to: -2 - type: integer 
	Parameter C_PRECISION bound to: 0 - type: integer 
	Parameter C_ROUND_MODE bound to: 0 - type: integer 
	Parameter C_SCALE_COMP bound to: 0 - type: integer 
	Parameter C_THROTTLE_SCHEME bound to: 3 - type: integer 
	Parameter C_TLAST_RESOLUTION bound to: 0 - type: integer 
	Parameter C_HAS_S_AXIS_PHASE_TUSER bound to: 0 - type: integer 
	Parameter C_HAS_S_AXIS_PHASE_TLAST bound to: 0 - type: integer 
	Parameter C_S_AXIS_PHASE_TDATA_WIDTH bound to: 16 - type: integer 
	Parameter C_S_AXIS_PHASE_TUSER_WIDTH bound to: 1 - type: integer 
	Parameter C_HAS_S_AXIS_CARTESIAN_TUSER bound to: 0 - type: integer 
	Parameter C_HAS_S_AXIS_CARTESIAN_TLAST bound to: 0 - type: integer 
	Parameter C_S_AXIS_CARTESIAN_TDATA_WIDTH bound to: 32 - type: integer 
	Parameter C_S_AXIS_CARTESIAN_TUSER_WIDTH bound to: 1 - type: integer 
	Parameter C_M_AXIS_DOUT_TDATA_WIDTH bound to: 16 - type: integer 
	Parameter C_M_AXIS_DOUT_TUSER_WIDTH bound to: 1 - type: integer 
INFO: [Synth 8-3491] module 'cordic_v6_0_14' declared at 'd:/Projects/probation training/cordic_Azimuth/cordic_Azimuth.srcs/sources_1/ip/cordic_1/hdl/cordic_v6_0_vh_rfs.vhd:10135' bound to instance 'U0' of component 'cordic_v6_0_14' [d:/Projects/probation training/cordic_Azimuth/cordic_Azimuth.srcs/sources_1/ip/cordic_1/synth/cordic_1.vhd:144]
INFO: [Synth 8-256] done synthesizing module 'cordic_1' (21#1) [d:/Projects/probation training/cordic_Azimuth/cordic_Azimuth.srcs/sources_1/ip/cordic_1/synth/cordic_1.vhd:69]
WARNING: [Synth 8-3331] design c_reg_fd_v12_0_5_viv__parameterized2 has unconnected port CE
WARNING: [Synth 8-3331] design c_reg_fd_v12_0_5_viv__parameterized2 has unconnected port AINIT
WARNING: [Synth 8-3331] design c_reg_fd_v12_0_5_viv__parameterized2 has unconnected port ACLR
WARNING: [Synth 8-3331] design c_reg_fd_v12_0_5_viv__parameterized2 has unconnected port ASET
WARNING: [Synth 8-3331] design c_reg_fd_v12_0_5_viv__parameterized2 has unconnected port SINIT
WARNING: [Synth 8-3331] design c_reg_fd_v12_0_5_viv__parameterized2 has unconnected port SCLR
WARNING: [Synth 8-3331] design c_reg_fd_v12_0_5_viv__parameterized2 has unconnected port SSET
WARNING: [Synth 8-3331] design c_addsub_v12_0_12_lut6_legacy__parameterized3 has unconnected port c_in
WARNING: [Synth 8-3331] design c_addsub_v12_0_12_lut6_legacy__parameterized3 has unconnected port ce
WARNING: [Synth 8-3331] design c_addsub_v12_0_12_lut6_legacy__parameterized3 has unconnected port bypass
WARNING: [Synth 8-3331] design c_addsub_v12_0_12_lut6_legacy__parameterized3 has unconnected port sclr
WARNING: [Synth 8-3331] design c_addsub_v12_0_12_lut6_legacy__parameterized3 has unconnected port sset
WARNING: [Synth 8-3331] design c_addsub_v12_0_12_lut6_legacy__parameterized3 has unconnected port sinit
WARNING: [Synth 8-3331] design c_addsub_v12_0_12_legacy__parameterized3 has unconnected port c_in
WARNING: [Synth 8-3331] design c_addsub_v12_0_12_legacy__parameterized3 has unconnected port b_in
WARNING: [Synth 8-3331] design c_addsub_v12_0_12_legacy__parameterized3 has unconnected port a_signed
WARNING: [Synth 8-3331] design c_addsub_v12_0_12_legacy__parameterized3 has unconnected port b_signed
WARNING: [Synth 8-3331] design c_addsub_v12_0_12_viv__parameterized3 has unconnected port C_IN
WARNING: [Synth 8-3331] design cordic_round has unconnected port round_in[2]
WARNING: [Synth 8-3331] design cordic_round has unconnected port round_in[1]
WARNING: [Synth 8-3331] design cordic_round has unconnected port round_in[0]
WARNING: [Synth 8-3331] design delay_bit has unconnected port SCLR
WARNING: [Synth 8-3331] design delay_bit__parameterized3 has unconnected port WE
WARNING: [Synth 8-3331] design delay_bit__parameterized3 has unconnected port CE
WARNING: [Synth 8-3331] design delay_bit__parameterized3 has unconnected port SCLR
WARNING: [Synth 8-3331] design delay_bit__parameterized3 has unconnected port CLK
WARNING: [Synth 8-3331] design cordic_out_config has unconnected port data_x_in[12]
WARNING: [Synth 8-3331] design cordic_out_config has unconnected port data_x_in[11]
WARNING: [Synth 8-3331] design cordic_out_config has unconnected port data_x_in[10]
WARNING: [Synth 8-3331] design cordic_out_config has unconnected port data_x_in[9]
WARNING: [Synth 8-3331] design cordic_out_config has unconnected port data_x_in[8]
WARNING: [Synth 8-3331] design cordic_out_config has unconnected port data_x_in[7]
WARNING: [Synth 8-3331] design cordic_out_config has unconnected port data_x_in[6]
WARNING: [Synth 8-3331] design cordic_out_config has unconnected port data_x_in[5]
WARNING: [Synth 8-3331] design cordic_out_config has unconnected port data_x_in[4]
WARNING: [Synth 8-3331] design cordic_out_config has unconnected port data_x_in[3]
WARNING: [Synth 8-3331] design cordic_out_config has unconnected port data_x_in[2]
WARNING: [Synth 8-3331] design cordic_out_config has unconnected port data_x_in[1]
WARNING: [Synth 8-3331] design cordic_out_config has unconnected port data_x_in[0]
WARNING: [Synth 8-3331] design cordic_out_config has unconnected port data_y_in[12]
WARNING: [Synth 8-3331] design cordic_out_config has unconnected port data_y_in[11]
WARNING: [Synth 8-3331] design cordic_out_config has unconnected port data_y_in[10]
WARNING: [Synth 8-3331] design cordic_out_config has unconnected port data_y_in[9]
WARNING: [Synth 8-3331] design cordic_out_config has unconnected port data_y_in[8]
WARNING: [Synth 8-3331] design cordic_out_config has unconnected port data_y_in[7]
WARNING: [Synth 8-3331] design cordic_out_config has unconnected port data_y_in[6]
WARNING: [Synth 8-3331] design cordic_out_config has unconnected port data_y_in[5]
WARNING: [Synth 8-3331] design cordic_out_config has unconnected port data_y_in[4]
WARNING: [Synth 8-3331] design cordic_out_config has unconnected port data_y_in[3]
WARNING: [Synth 8-3331] design cordic_out_config has unconnected port data_y_in[2]
WARNING: [Synth 8-3331] design cordic_out_config has unconnected port data_y_in[1]
WARNING: [Synth 8-3331] design cordic_out_config has unconnected port data_y_in[0]
WARNING: [Synth 8-3331] design cordic_out_config has unconnected port aclr
WARNING: [Synth 8-3331] design cordic_ctrl_slice_par has unconnected port aclr
WARNING: [Synth 8-3331] design cordic_eng has unconnected port nd_in
WARNING: [Synth 8-3331] design c_reg_fd_v12_0_5_viv has unconnected port CE
WARNING: [Synth 8-3331] design c_reg_fd_v12_0_5_viv has unconnected port AINIT
WARNING: [Synth 8-3331] design c_reg_fd_v12_0_5_viv has unconnected port ACLR
WARNING: [Synth 8-3331] design c_reg_fd_v12_0_5_viv has unconnected port ASET
WARNING: [Synth 8-3331] design c_reg_fd_v12_0_5_viv has unconnected port SINIT
WARNING: [Synth 8-3331] design c_reg_fd_v12_0_5_viv has unconnected port SCLR
WARNING: [Synth 8-3331] design c_reg_fd_v12_0_5_viv has unconnected port SSET
WARNING: [Synth 8-3331] design c_addsub_v12_0_12_lut6_legacy__parameterized1 has unconnected port add
WARNING: [Synth 8-3331] design c_addsub_v12_0_12_lut6_legacy__parameterized1 has unconnected port c_in
WARNING: [Synth 8-3331] design c_addsub_v12_0_12_lut6_legacy__parameterized1 has unconnected port ce
WARNING: [Synth 8-3331] design c_addsub_v12_0_12_lut6_legacy__parameterized1 has unconnected port bypass
WARNING: [Synth 8-3331] design c_addsub_v12_0_12_lut6_legacy__parameterized1 has unconnected port sclr
WARNING: [Synth 8-3331] design c_addsub_v12_0_12_lut6_legacy__parameterized1 has unconnected port sset
WARNING: [Synth 8-3331] design c_addsub_v12_0_12_lut6_legacy__parameterized1 has unconnected port sinit
WARNING: [Synth 8-3331] design c_addsub_v12_0_12_legacy__parameterized1 has unconnected port c_in
WARNING: [Synth 8-3331] design c_addsub_v12_0_12_legacy__parameterized1 has unconnected port b_in
WARNING: [Synth 8-3331] design c_addsub_v12_0_12_legacy__parameterized1 has unconnected port a_signed
WARNING: [Synth 8-3331] design c_addsub_v12_0_12_legacy__parameterized1 has unconnected port b_signed
WARNING: [Synth 8-3331] design c_addsub_v12_0_12_viv__parameterized1 has unconnected port C_IN
WARNING: [Synth 8-3331] design c_addsub_v12_0_12_lut6_legacy has unconnected port add
WARNING: [Synth 8-3331] design c_addsub_v12_0_12_lut6_legacy has unconnected port c_in
WARNING: [Synth 8-3331] design c_addsub_v12_0_12_lut6_legacy has unconnected port ce
WARNING: [Synth 8-3331] design c_addsub_v12_0_12_lut6_legacy has unconnected port bypass
WARNING: [Synth 8-3331] design c_addsub_v12_0_12_lut6_legacy has unconnected port sclr
WARNING: [Synth 8-3331] design c_addsub_v12_0_12_lut6_legacy has unconnected port sset
WARNING: [Synth 8-3331] design c_addsub_v12_0_12_lut6_legacy has unconnected port sinit
WARNING: [Synth 8-3331] design c_addsub_v12_0_12_legacy has unconnected port c_in
WARNING: [Synth 8-3331] design c_addsub_v12_0_12_legacy has unconnected port b_in
WARNING: [Synth 8-3331] design c_addsub_v12_0_12_legacy has unconnected port a_signed
WARNING: [Synth 8-3331] design c_addsub_v12_0_12_legacy has unconnected port b_signed
WARNING: [Synth 8-3331] design c_addsub_v12_0_12_viv has unconnected port C_IN
WARNING: [Synth 8-3331] design cordic_v6_0_14_synth has unconnected port PHASE_IN[9]
WARNING: [Synth 8-3331] design cordic_v6_0_14_synth has unconnected port PHASE_IN[8]
WARNING: [Synth 8-3331] design cordic_v6_0_14_synth has unconnected port PHASE_IN[7]
WARNING: [Synth 8-3331] design cordic_v6_0_14_synth has unconnected port PHASE_IN[6]
WARNING: [Synth 8-3331] design cordic_v6_0_14_synth has unconnected port PHASE_IN[5]
WARNING: [Synth 8-3331] design cordic_v6_0_14_synth has unconnected port PHASE_IN[4]
WARNING: [Synth 8-3331] design cordic_v6_0_14_synth has unconnected port PHASE_IN[3]
WARNING: [Synth 8-3331] design cordic_v6_0_14_synth has unconnected port PHASE_IN[2]
WARNING: [Synth 8-3331] design cordic_v6_0_14_synth has unconnected port PHASE_IN[1]
WARNING: [Synth 8-3331] design cordic_v6_0_14_synth has unconnected port PHASE_IN[0]
WARNING: [Synth 8-3331] design cordic_v6_0_14_synth has unconnected port ND
WARNING: [Synth 8-3331] design cordic_v6_0_14_synth has unconnected port CE
WARNING: [Synth 8-3331] design cordic_v6_0_14_synth has unconnected port SCLR
WARNING: [Synth 8-3331] design xbip_pipe_v3_0_5_viv has unconnected port SCLR
INFO: [Common 17-14] Message 'Synth 8-3331' appears 100 times and further instances of the messages will be disabled. Use the Tcl command set_msg_config to change the current settings.
---------------------------------------------------------------------------------
Finished RTL Elaboration : Time (s): cpu = 00:00:29 ; elapsed = 00:00:30 . Memory (MB): peak = 577.758 ; gain = 209.027
---------------------------------------------------------------------------------

Report Check Netlist: 
+------+------------------+-------+---------+-------+------------------+
|      |Item              |Errors |Warnings |Status |Description       |
+------+------------------+-------+---------+-------+------------------+
|1     |multi_driven_nets |      0|        0|Passed |Multi driven nets |
+------+------------------+-------+---------+-------+------------------+
---------------------------------------------------------------------------------
Start Handling Custom Attributes
---------------------------------------------------------------------------------
---------------------------------------------------------------------------------
Finished Handling Custom Attributes : Time (s): cpu = 00:00:29 ; elapsed = 00:00:30 . Memory (MB): peak = 577.758 ; gain = 209.027
---------------------------------------------------------------------------------
---------------------------------------------------------------------------------
Finished RTL Optimization Phase 1 : Time (s): cpu = 00:00:29 ; elapsed = 00:00:30 . Memory (MB): peak = 577.758 ; gain = 209.027
---------------------------------------------------------------------------------
INFO: [Netlist 29-17] Analyzing 787 Unisim elements for replacement
INFO: [Netlist 29-28] Unisim Transformation completed in 0 CPU seconds
INFO: [Device 21-403] Loading part xc7a200tfbg484-2
INFO: [Project 1-570] Preparing netlist for logic optimization

Processing XDC Constraints
Initializing timing engine
Parsing XDC File [d:/Projects/probation training/cordic_Azimuth/cordic_Azimuth.srcs/sources_1/ip/cordic_1/cordic_1_ooc.xdc] for cell 'U0'
Finished Parsing XDC File [d:/Projects/probation training/cordic_Azimuth/cordic_Azimuth.srcs/sources_1/ip/cordic_1/cordic_1_ooc.xdc] for cell 'U0'
Parsing XDC File [D:/Projects/probation training/cordic_Azimuth/cordic_Azimuth.runs/cordic_1_synth_1/dont_touch.xdc]
Finished Parsing XDC File [D:/Projects/probation training/cordic_Azimuth/cordic_Azimuth.runs/cordic_1_synth_1/dont_touch.xdc]
Completed Processing XDC Constraints

Netlist sorting complete. Time (s): cpu = 00:00:00 ; elapsed = 00:00:00.002 . Memory (MB): peak = 922.996 ; gain = 0.000
INFO: [Project 1-111] Unisim Transformation Summary:
No Unisim elements were transformed.

Netlist sorting complete. Time (s): cpu = 00:00:00 ; elapsed = 00:00:00.004 . Memory (MB): peak = 923.367 ; gain = 0.000
Constraint Validation Runtime : Time (s): cpu = 00:00:00 ; elapsed = 00:00:00.067 . Memory (MB): peak = 924.934 ; gain = 1.938
---------------------------------------------------------------------------------
Finished Constraint Validation : Time (s): cpu = 00:00:40 ; elapsed = 00:00:43 . Memory (MB): peak = 924.934 ; gain = 556.203
---------------------------------------------------------------------------------
---------------------------------------------------------------------------------
Start Loading Part and Timing Information
---------------------------------------------------------------------------------
Loading part: xc7a200tfbg484-2
---------------------------------------------------------------------------------
Finished Loading Part and Timing Information : Time (s): cpu = 00:00:40 ; elapsed = 00:00:43 . Memory (MB): peak = 924.934 ; gain = 556.203
---------------------------------------------------------------------------------
---------------------------------------------------------------------------------
Start Applying 'set_property' XDC Constraints
---------------------------------------------------------------------------------
Applied set_property DONT_TOUCH = true for U0. (constraint file  {D:/Projects/probation training/cordic_Azimuth/cordic_Azimuth.runs/cordic_1_synth_1/dont_touch.xdc}, line 9).
---------------------------------------------------------------------------------
Finished applying 'set_property' XDC Constraints : Time (s): cpu = 00:00:40 ; elapsed = 00:00:43 . Memory (MB): peak = 924.934 ; gain = 556.203
---------------------------------------------------------------------------------
---------------------------------------------------------------------------------
Finished RTL Optimization Phase 2 : Time (s): cpu = 00:00:41 ; elapsed = 00:00:44 . Memory (MB): peak = 924.934 ; gain = 556.203
---------------------------------------------------------------------------------

Report RTL Partitions: 
+-+--------------+------------+----------+
| |RTL Partition |Replication |Instances |
+-+--------------+------------+----------+
+-+--------------+------------+----------+
---------------------------------------------------------------------------------
Start RTL Component Statistics 
---------------------------------------------------------------------------------
---------------------------------------------------------------------------------
Finished RTL Component Statistics 
---------------------------------------------------------------------------------
---------------------------------------------------------------------------------
Start RTL Hierarchical Component Statistics 
---------------------------------------------------------------------------------
---------------------------------------------------------------------------------
Finished RTL Hierarchical Component Statistics
---------------------------------------------------------------------------------
---------------------------------------------------------------------------------
Start Part Resource Summary
---------------------------------------------------------------------------------
Part Resources:
DSPs: 740 (col length:100)
BRAMs: 730 (col length: RAMB18 100 RAMB36 50)
---------------------------------------------------------------------------------
Finished Part Resource Summary
---------------------------------------------------------------------------------
---------------------------------------------------------------------------------
Start Cross Boundary and Area Optimization
---------------------------------------------------------------------------------
Warning: Parallel synthesis criteria is not met 
INFO: [Synth 8-3886] merging instance 'U0/i_synth/i_synth/gen_cordic.input_stage/gen_input_regs.data_y_int_reg[0]' (FDR) to 'U0/i_synth/i_synth/gen_cordic.input_stage/gen_input_regs.phase_int_reg[12]'
INFO: [Synth 8-3886] merging instance 'U0/i_synth/i_synth/gen_cordic.input_stage/gen_input_regs.data_x_int_reg[0]' (FDR) to 'U0/i_synth/i_synth/gen_cordic.input_stage/gen_input_regs.phase_int_reg[12]'
INFO: [Synth 8-3886] merging instance 'U0/i_synth/i_synth/gen_cordic.input_stage/gen_input_regs.data_y_int_reg[1]' (FDR) to 'U0/i_synth/i_synth/gen_cordic.input_stage/gen_input_regs.phase_int_reg[12]'
INFO: [Synth 8-3886] merging instance 'U0/i_synth/i_synth/gen_cordic.input_stage/gen_input_regs.data_x_int_reg[1]' (FDR) to 'U0/i_synth/i_synth/gen_cordic.input_stage/gen_input_regs.phase_int_reg[12]'
INFO: [Synth 8-3886] merging instance 'U0/i_synth/i_synth/gen_cordic.input_stage/gen_input_regs.data_y_int_reg[2]' (FDR) to 'U0/i_synth/i_synth/gen_cordic.input_stage/gen_input_regs.phase_int_reg[12]'
INFO: [Synth 8-3886] merging instance 'U0/i_synth/i_synth/gen_cordic.input_stage/gen_input_regs.data_x_int_reg[2]' (FDR) to 'U0/i_synth/i_synth/gen_cordic.input_stage/gen_input_regs.phase_int_reg[12]'
INFO: [Synth 8-3886] merging instance 'U0/i_synth/i_synth/gen_cordic.input_stage/gen_rotation.gen_rot_xy.gen_data_x_int_dly/gen_rtl.gen_reg.d_reg_reg[0]' (FDRE) to 'U0/i_synth/i_synth/gen_cordic.input_stage/gen_rotation.gen_rot_xy.gen_data_x_int_dly/gen_rtl.gen_reg.d_reg_reg[2]'
INFO: [Synth 8-3886] merging instance 'U0/i_synth/i_synth/gen_cordic.input_stage/gen_rotation.gen_rot_xy.gen_data_y_int_dly/gen_rtl.gen_reg.d_reg_reg[0]' (FDRE) to 'U0/i_synth/i_synth/gen_cordic.input_stage/gen_rotation.gen_rot_xy.gen_data_x_int_dly/gen_rtl.gen_reg.d_reg_reg[2]'
INFO: [Synth 8-3886] merging instance 'U0/i_synth/i_synth/gen_cordic.input_stage/gen_rotation.gen_rot_xy.gen_data_x_int_dly/gen_rtl.gen_reg.d_reg_reg[1]' (FDRE) to 'U0/i_synth/i_synth/gen_cordic.input_stage/gen_rotation.gen_rot_xy.gen_data_x_int_dly/gen_rtl.gen_reg.d_reg_reg[2]'
INFO: [Synth 8-3886] merging instance 'U0/i_synth/i_synth/gen_cordic.input_stage/gen_rotation.gen_rot_xy.gen_data_y_int_dly/gen_rtl.gen_reg.d_reg_reg[1]' (FDRE) to 'U0/i_synth/i_synth/gen_cordic.input_stage/gen_rotation.gen_rot_xy.gen_data_x_int_dly/gen_rtl.gen_reg.d_reg_reg[2]'
INFO: [Synth 8-3886] merging instance 'U0/i_synth/i_synth/gen_cordic.input_stage/gen_rotation.gen_rot_xy.gen_data_x_int_dly/gen_rtl.gen_reg.d_reg_reg[2]' (FDRE) to 'U0/i_synth/i_synth/gen_cordic.input_stage/gen_rotation.gen_rot_xy.gen_data_y_int_dly/gen_rtl.gen_reg.d_reg_reg[2]'
INFO: [Synth 8-3886] merging instance 'U0/i_synth/i_synth/gen_cordic.input_stage/gen_input_regs.phase_int_reg[0]' (FDR) to 'U0/i_synth/i_synth/gen_cordic.input_stage/gen_input_regs.phase_int_reg[12]'
INFO: [Synth 8-3886] merging instance 'U0/i_synth/i_synth/gen_cordic.input_stage/gen_input_regs.phase_int_reg[1]' (FDR) to 'U0/i_synth/i_synth/gen_cordic.input_stage/gen_input_regs.phase_int_reg[12]'
INFO: [Synth 8-3886] merging instance 'U0/i_synth/i_synth/gen_cordic.input_stage/gen_input_regs.phase_int_reg[2]' (FDR) to 'U0/i_synth/i_synth/gen_cordic.input_stage/gen_input_regs.phase_int_reg[12]'
INFO: [Synth 8-3886] merging instance 'U0/i_synth/i_synth/gen_cordic.input_stage/gen_input_regs.phase_int_reg[3]' (FDR) to 'U0/i_synth/i_synth/gen_cordic.input_stage/gen_input_regs.phase_int_reg[12]'
INFO: [Synth 8-3886] merging instance 'U0/i_synth/i_synth/gen_cordic.input_stage/gen_input_regs.phase_int_reg[4]' (FDR) to 'U0/i_synth/i_synth/gen_cordic.input_stage/gen_input_regs.phase_int_reg[12]'
INFO: [Synth 8-3886] merging instance 'U0/i_synth/i_synth/gen_cordic.input_stage/gen_input_regs.phase_int_reg[5]' (FDR) to 'U0/i_synth/i_synth/gen_cordic.input_stage/gen_input_regs.phase_int_reg[12]'
INFO: [Synth 8-3886] merging instance 'U0/i_synth/i_synth/gen_cordic.input_stage/gen_input_regs.phase_int_reg[6]' (FDR) to 'U0/i_synth/i_synth/gen_cordic.input_stage/gen_input_regs.phase_int_reg[12]'
INFO: [Synth 8-3886] merging instance 'U0/i_synth/i_synth/gen_cordic.input_stage/gen_input_regs.phase_int_reg[7]' (FDR) to 'U0/i_synth/i_synth/gen_cordic.input_stage/gen_input_regs.phase_int_reg[12]'
INFO: [Synth 8-3886] merging instance 'U0/i_synth/i_synth/gen_cordic.input_stage/gen_input_regs.phase_int_reg[8]' (FDR) to 'U0/i_synth/i_synth/gen_cordic.input_stage/gen_input_regs.phase_int_reg[12]'
INFO: [Synth 8-3886] merging instance 'U0/i_synth/i_synth/gen_cordic.input_stage/gen_input_regs.phase_int_reg[9]' (FDR) to 'U0/i_synth/i_synth/gen_cordic.input_stage/gen_input_regs.phase_int_reg[12]'
INFO: [Synth 8-3886] merging instance 'U0/i_synth/i_synth/gen_cordic.input_stage/gen_input_regs.phase_int_reg[10]' (FDR) to 'U0/i_synth/i_synth/gen_cordic.input_stage/gen_input_regs.phase_int_reg[12]'
INFO: [Synth 8-3886] merging instance 'U0/i_synth/i_synth/gen_cordic.input_stage/gen_input_regs.phase_int_reg[11]' (FDR) to 'U0/i_synth/i_synth/gen_cordic.input_stage/gen_input_regs.phase_int_reg[12]'
INFO: [Synth 8-3333] propagating constant 0 across sequential element (U0/i_synth/\i_synth/gen_cordic.input_stage/gen_input_regs.phase_int_reg[12] )
INFO: [Synth 8-3886] merging instance 'U0/i_synth/i_synth/gen_cordic.output_stage/gen_rotation.gen_translate.gen_phase_rot_reg/gen_rtl.gen_reg.d_reg_reg[0]' (FDRE) to 'U0/i_synth/i_synth/gen_cordic.output_stage/gen_rotation.gen_translate.gen_phase_rot_reg/gen_rtl.gen_reg.d_reg_reg[1]'
INFO: [Synth 8-3886] merging instance 'U0/i_synth/i_synth/gen_cordic.output_stage/gen_rotation.gen_translate.gen_phase_rot_reg/gen_rtl.gen_reg.d_reg_reg[1]' (FDRE) to 'U0/i_synth/i_synth/gen_cordic.output_stage/gen_rotation.gen_translate.gen_phase_rot_reg/gen_rtl.gen_reg.d_reg_reg[2]'
INFO: [Synth 8-3886] merging instance 'U0/i_synth/i_synth/gen_cordic.output_stage/gen_rotation.gen_translate.gen_phase_rot_reg/gen_rtl.gen_reg.d_reg_reg[2]' (FDRE) to 'U0/i_synth/i_synth/gen_cordic.output_stage/gen_rotation.gen_translate.gen_phase_rot_reg/gen_rtl.gen_reg.d_reg_reg[5]'
INFO: [Synth 8-3886] merging instance 'U0/i_synth/i_synth/gen_cordic.output_stage/gen_rotation.gen_translate.gen_phase_rot_reg/gen_rtl.gen_reg.d_reg_reg[3]' (FDRE) to 'U0/i_synth/i_synth/gen_cordic.output_stage/gen_rotation.gen_translate.gen_phase_rot_reg/gen_rtl.gen_reg.d_reg_reg[6]'
INFO: [Synth 8-3886] merging instance 'U0/i_synth/i_synth/gen_cordic.output_stage/gen_rotation.gen_translate.gen_phase_rot_reg/gen_rtl.gen_reg.d_reg_reg[4]' (FDRE) to 'U0/i_synth/i_synth/gen_cordic.output_stage/gen_rotation.gen_translate.gen_phase_rot_reg/gen_rtl.gen_reg.d_reg_reg[7]'
INFO: [Synth 8-3886] merging instance 'U0/i_synth/i_synth/gen_cordic.output_stage/gen_rotation.gen_translate.gen_phase_rot_reg/gen_rtl.gen_reg.d_reg_reg[5]' (FDRE) to 'U0/i_synth/i_synth/gen_cordic.output_stage/gen_rotation.gen_translate.gen_phase_rot_reg/gen_rtl.gen_reg.d_reg_reg[8]'
INFO: [Synth 8-3886] merging instance 'U0/i_synth/i_synth/gen_cordic.output_stage/gen_rotation.gen_translate.gen_phase_rot_reg/gen_rtl.gen_reg.d_reg_reg[6]' (FDRE) to 'U0/i_synth/i_synth/gen_cordic.output_stage/gen_rotation.gen_translate.gen_phase_rot_reg/gen_rtl.gen_reg.d_reg_reg[9]'
INFO: [Synth 8-3886] merging instance 'U0/i_synth/i_synth/gen_cordic.output_stage/gen_rotation.gen_translate.gen_phase_rot_reg/gen_rtl.gen_reg.d_reg_reg[7]' (FDRE) to 'U0/i_synth/i_synth/gen_cordic.output_stage/gen_rotation.gen_translate.gen_phase_rot_reg/gen_rtl.gen_reg.d_reg_reg[11]'
INFO: [Synth 8-3886] merging instance 'U0/i_synth/i_synth/gen_cordic.output_stage/gen_rotation.gen_translate.gen_phase_rot_reg/gen_rtl.gen_reg.d_reg_reg[8]' (FDRE) to 'U0/i_synth/i_synth/gen_cordic.output_stage/gen_rotation.gen_translate.gen_phase_rot_reg/gen_rtl.gen_reg.d_reg_reg[12]'
INFO: [Synth 8-3886] merging instance 'U0/i_synth/i_synth/gen_cordic.output_stage/gen_rotation.gen_translate.gen_phase_rot_reg/gen_rtl.gen_reg.d_reg_reg[10]' (FDRE) to 'U0/i_synth/i_synth/gen_cordic.input_stage/gen_rotation.gen_rot_xy.gen_data_y_int_dly/gen_rtl.gen_reg.d_reg_reg[2]'
---------------------------------------------------------------------------------
Finished Cross Boundary and Area Optimization : Time (s): cpu = 00:00:43 ; elapsed = 00:00:45 . Memory (MB): peak = 924.934 ; gain = 556.203
---------------------------------------------------------------------------------

Report RTL Partitions: 
+-+--------------+------------+----------+
| |RTL Partition |Replication |Instances |
+-+--------------+------------+----------+
+-+--------------+------------+----------+
---------------------------------------------------------------------------------
Start Applying XDC Timing Constraints
---------------------------------------------------------------------------------
---------------------------------------------------------------------------------
Finished Applying XDC Timing Constraints : Time (s): cpu = 00:00:53 ; elapsed = 00:00:55 . Memory (MB): peak = 924.934 ; gain = 556.203
---------------------------------------------------------------------------------
---------------------------------------------------------------------------------
Start Timing Optimization
---------------------------------------------------------------------------------
---------------------------------------------------------------------------------
Finished Timing Optimization : Time (s): cpu = 00:00:53 ; elapsed = 00:00:55 . Memory (MB): peak = 924.934 ; gain = 556.203
---------------------------------------------------------------------------------

Report RTL Partitions: 
+-+--------------+------------+----------+
| |RTL Partition |Replication |Instances |
+-+--------------+------------+----------+
+-+--------------+------------+----------+
---------------------------------------------------------------------------------
Start Technology Mapping
---------------------------------------------------------------------------------
---------------------------------------------------------------------------------
Finished Technology Mapping : Time (s): cpu = 00:00:53 ; elapsed = 00:00:56 . Memory (MB): peak = 924.934 ; gain = 556.203
---------------------------------------------------------------------------------

Report RTL Partitions: 
+-+--------------+------------+----------+
| |RTL Partition |Replication |Instances |
+-+--------------+------------+----------+
+-+--------------+------------+----------+
---------------------------------------------------------------------------------
Start IO Insertion
---------------------------------------------------------------------------------
---------------------------------------------------------------------------------
Start Flattening Before IO Insertion
---------------------------------------------------------------------------------
---------------------------------------------------------------------------------
Finished Flattening Before IO Insertion
---------------------------------------------------------------------------------
---------------------------------------------------------------------------------
Start Final Netlist Cleanup
---------------------------------------------------------------------------------
---------------------------------------------------------------------------------
Finished Final Netlist Cleanup
---------------------------------------------------------------------------------
---------------------------------------------------------------------------------
Finished IO Insertion : Time (s): cpu = 00:00:55 ; elapsed = 00:00:58 . Memory (MB): peak = 924.934 ; gain = 556.203
---------------------------------------------------------------------------------

Report Check Netlist: 
+------+------------------+-------+---------+-------+------------------+
|      |Item              |Errors |Warnings |Status |Description       |
+------+------------------+-------+---------+-------+------------------+
|1     |multi_driven_nets |      0|        0|Passed |Multi driven nets |
+------+------------------+-------+---------+-------+------------------+
---------------------------------------------------------------------------------
Start Renaming Generated Instances
---------------------------------------------------------------------------------
---------------------------------------------------------------------------------
Finished Renaming Generated Instances : Time (s): cpu = 00:00:55 ; elapsed = 00:00:58 . Memory (MB): peak = 924.934 ; gain = 556.203
---------------------------------------------------------------------------------

Report RTL Partitions: 
+-+--------------+------------+----------+
| |RTL Partition |Replication |Instances |
+-+--------------+------------+----------+
+-+--------------+------------+----------+
---------------------------------------------------------------------------------
Start Rebuilding User Hierarchy
---------------------------------------------------------------------------------
---------------------------------------------------------------------------------
Finished Rebuilding User Hierarchy : Time (s): cpu = 00:00:55 ; elapsed = 00:00:58 . Memory (MB): peak = 924.934 ; gain = 556.203
---------------------------------------------------------------------------------
---------------------------------------------------------------------------------
Start Renaming Generated Ports
---------------------------------------------------------------------------------
---------------------------------------------------------------------------------
Finished Renaming Generated Ports : Time (s): cpu = 00:00:55 ; elapsed = 00:00:58 . Memory (MB): peak = 924.934 ; gain = 556.203
---------------------------------------------------------------------------------
---------------------------------------------------------------------------------
Start Handling Custom Attributes
---------------------------------------------------------------------------------
---------------------------------------------------------------------------------
Finished Handling Custom Attributes : Time (s): cpu = 00:00:55 ; elapsed = 00:00:58 . Memory (MB): peak = 924.934 ; gain = 556.203
---------------------------------------------------------------------------------
---------------------------------------------------------------------------------
Start Renaming Generated Nets
---------------------------------------------------------------------------------
---------------------------------------------------------------------------------
Finished Renaming Generated Nets : Time (s): cpu = 00:00:55 ; elapsed = 00:00:58 . Memory (MB): peak = 924.934 ; gain = 556.203
---------------------------------------------------------------------------------
---------------------------------------------------------------------------------
Start Writing Synthesis Report
---------------------------------------------------------------------------------

Report BlackBoxes: 
+-+--------------+----------+
| |BlackBox name |Instances |
+-+--------------+----------+
+-+--------------+----------+

Report Cell Usage: 
+------+-------+------+
|      |Cell   |Count |
+------+-------+------+
|1     |LUT1   |    41|
|2     |LUT2   |   137|
|3     |LUT3   |   192|
|4     |LUT4   |    20|
|5     |MUXCY  |   314|
|6     |SRL16E |     6|
|7     |XORCY  |   292|
|8     |FDRE   |   373|
+------+-------+------+
---------------------------------------------------------------------------------
Finished Writing Synthesis Report : Time (s): cpu = 00:00:55 ; elapsed = 00:00:58 . Memory (MB): peak = 924.934 ; gain = 556.203
---------------------------------------------------------------------------------
Synthesis finished with 0 errors, 0 critical warnings and 212 warnings.
Synthesis Optimization Runtime : Time (s): cpu = 00:00:18 ; elapsed = 00:00:49 . Memory (MB): peak = 924.934 ; gain = 209.027
Synthesis Optimization Complete : Time (s): cpu = 00:00:55 ; elapsed = 00:00:58 . Memory (MB): peak = 924.934 ; gain = 556.203
INFO: [Project 1-571] Translating synthesized netlist
INFO: [Netlist 29-17] Analyzing 606 Unisim elements for replacement
INFO: [Netlist 29-28] Unisim Transformation completed in 0 CPU seconds
INFO: [Project 1-570] Preparing netlist for logic optimization
INFO: [Opt 31-138] Pushed 0 inverter(s) to 0 load pin(s).
Netlist sorting complete. Time (s): cpu = 00:00:00 ; elapsed = 00:00:00.002 . Memory (MB): peak = 938.891 ; gain = 0.000
INFO: [Project 1-111] Unisim Transformation Summary:
  A total of 104 instances were transformed.
  (MUXCY,XORCY) => CARRY4: 104 instances

INFO: [Common 17-83] Releasing license: Synthesis
51 Infos, 100 Warnings, 0 Critical Warnings and 0 Errors encountered.
synth_design completed successfully
synth_design: Time (s): cpu = 00:00:58 ; elapsed = 00:01:02 . Memory (MB): peak = 938.891 ; gain = 581.625
Netlist sorting complete. Time (s): cpu = 00:00:00 ; elapsed = 00:00:00.002 . Memory (MB): peak = 938.891 ; gain = 0.000
WARNING: [Constraints 18-5210] No constraints selected for write.
Resolution: This message can indicate that there are no constraints for the design, or it can indicate that the used_in flags are set such that the constraints are ignored. This later case is used when running synth_design to not write synthesis constraints to the resulting checkpoint. Instead, project constraints are read when the synthesized design is opened.
INFO: [Common 17-1381] The checkpoint 'D:/Projects/probation training/cordic_Azimuth/cordic_Azimuth.runs/cordic_1_synth_1/cordic_1.dcp' has been generated.
INFO: [Coretcl 2-1648] Added synthesis output to IP cache for IP cordic_1, cache-ID = 5e8608fa4132fe72
INFO: [Coretcl 2-1174] Renamed 212 cell refs.
Netlist sorting complete. Time (s): cpu = 00:00:00 ; elapsed = 00:00:00.004 . Memory (MB): peak = 938.891 ; gain = 0.000
WARNING: [Constraints 18-5210] No constraints selected for write.
Resolution: This message can indicate that there are no constraints for the design, or it can indicate that the used_in flags are set such that the constraints are ignored. This later case is used when running synth_design to not write synthesis constraints to the resulting checkpoint. Instead, project constraints are read when the synthesized design is opened.
INFO: [Common 17-1381] The checkpoint 'D:/Projects/probation training/cordic_Azimuth/cordic_Azimuth.runs/cordic_1_synth_1/cordic_1.dcp' has been generated.
INFO: [runtcl-4] Executing : report_utilization -file cordic_1_utilization_synth.rpt -pb cordic_1_utilization_synth.pb
INFO: [Common 17-206] Exiting Vivado at Sun Jul 21 02:42:38 2019...
